[2023-06-28T11:25:21.519] [INFO] default - {"user":3538817770323968,"req":{"path":"/login"}}
[2023-06-28T11:28:42.576] [INFO] default - {"user":3538817770323968,"req":{"path":"/login"}}
[2023-06-28T19:38:10.490] [INFO] default - {"user":3538817770323968,"req":{"path":"/login"}}
[2023-06-28T19:41:12.200] [INFO] default - {"user":3538817770323968,"req":{"path":"/person"}}
[2023-06-28T19:41:45.889] [INFO] default - {"user":3538817770323968,"req":{"path":"/match"}}
[2023-06-28T19:42:05.012] [INFO] default - {"user":3538817770323968,"req":{"path":"/match"}}
[2023-06-28T19:42:48.015] [INFO] default - {"user":3538817770323968,"req":{"path":"/match"}}
[2023-06-29T09:56:02.954] [INFO] default - {"user":3538817770323968,"req":{"path":"/login"}}
[2023-06-29T09:56:21.652] [INFO] default - {"user":3538817770323968,"req":{"path":"/person/list"}}
[2023-06-29T09:57:31.638] [INFO] default - {"user":3538817770323968,"req":{"path":"/person/list"}}
[2023-06-29T09:58:12.674] [INFO] default - {"user":3538817770323968,"req":{"path":"/person/list"}}
[2023-06-29T09:59:06.607] [INFO] default - {"user":3538817770323968,"req":{"path":"/person/list"}}
[2023-06-29T09:59:48.685] [INFO] default - {"user":3538817770323968,"req":{"path":"/person/list"}}
[2023-06-29T10:03:00.022] [INFO] default - {"user":3538817770323968,"req":{"path":"/person/list"}}
[2023-06-29T10:04:43.493] [INFO] default - {"user":3538817770323968,"req":{"path":"/persons"}}
[2023-06-29T10:05:12.930] [INFO] default - {"user":3538817770323968,"req":{"path":"/persons"}}
[2023-06-29T10:05:59.640] [INFO] default - {"user":3538817770323968,"req":{"path":"/persons"}}
[2023-06-29T10:06:30.845] [INFO] default - {"user":3538817770323968,"req":{"path":"/persons"}}
[2023-06-29T10:06:55.075] [INFO] default - {"user":3538817770323968,"req":{"path":"/persons"}}
[2023-06-29T10:07:57.483] [INFO] default - {"user":3538817770323968,"req":{"path":"/persons"}}
[2023-06-29T10:12:25.612] [INFO] default - {"user":3538817770323968,"req":{"path":"/persons"}}
[2023-06-29T10:12:45.998] [INFO] default - {"user":3538817770323968,"req":{"path":"/persons"}}
[2023-06-29T10:15:35.959] [INFO] default - {"user":3538817770323968,"req":{"path":"/person/list"}}
[2023-06-29T10:16:03.117] [INFO] default - {"user":3538817770323968,"req":{"path":"/persons"}}
[2023-07-03T20:12:05.157] [INFO] default - {"user":3538817770323968,"req":{"path":"/login"}}
[2023-07-03T20:12:33.798] [INFO] default - {"user":3538817770323968,"req":{"path":"/match"}}
